{"/Users/insided/Desktop/github/fat-chin/src/js/Album.jsx": {"path":"/Users/insided/Desktop/github/fat-chin/src/js/Album.jsx","statementMap":{"0":{"start":{"line":5,"column":14},"end":{"line":35,"column":1}},"1":{"start":{"line":6,"column":146},"end":{"line":6,"column":151}},"2":{"start":{"line":8,"column":4},"end":{"line":34,"column":6}},"3":{"start":{"line":15,"column":52},"end":{"line":15,"column":76}},"4":{"start":{"line":17,"column":52},"end":{"line":17,"column":76}},"5":{"start":{"line":19,"column":48},"end":{"line":19,"column":75}},"6":{"start":{"line":25,"column":20},"end":{"line":30,"column":28}},"7":{"start":{"line":39,"column":13},"end":{"line":41,"column":1}},"8":{"start":{"line":43,"column":14},"end":{"line":47,"column":1}},"9":{"start":{"line":49,"column":17},"end":{"line":60,"column":1}},"10":{"start":{"line":62,"column":21},"end":{"line":64,"column":1}},"11":{"start":{"line":66,"column":15},"end":{"line":68,"column":1}},"12":{"start":{"line":70,"column":16},"end":{"line":85,"column":1}},"13":{"start":{"line":87,"column":20},"end":{"line":104,"column":1}}},"fnMap":{"0":{"name":"(anonymous_0)","decl":{"start":{"line":5,"column":14},"end":{"line":5,"column":15}},"loc":{"start":{"line":5,"column":23},"end":{"line":35,"column":1}},"line":5},"1":{"name":"(anonymous_1)","decl":{"start":{"line":15,"column":46},"end":{"line":15,"column":47}},"loc":{"start":{"line":15,"column":52},"end":{"line":15,"column":76}},"line":15},"2":{"name":"(anonymous_2)","decl":{"start":{"line":17,"column":46},"end":{"line":17,"column":47}},"loc":{"start":{"line":17,"column":52},"end":{"line":17,"column":76}},"line":17},"3":{"name":"(anonymous_3)","decl":{"start":{"line":19,"column":42},"end":{"line":19,"column":43}},"loc":{"start":{"line":19,"column":48},"end":{"line":19,"column":75}},"line":19},"4":{"name":"(anonymous_4)","decl":{"start":{"line":24,"column":45},"end":{"line":24,"column":46}},"loc":{"start":{"line":25,"column":20},"end":{"line":30,"column":28}},"line":25}},"branchMap":{"0":{"loc":{"start":{"line":14,"column":21},"end":{"line":17,"column":117}},"type":"cond-expr","locations":[{"start":{"line":15,"column":24},"end":{"line":15,"column":117}},{"start":{"line":17,"column":24},"end":{"line":17,"column":117}}],"line":14},"1":{"loc":{"start":{"line":24,"column":17},"end":{"line":31,"column":18}},"type":"binary-expr","locations":[{"start":{"line":24,"column":17},"end":{"line":24,"column":30}},{"start":{"line":24,"column":34},"end":{"line":31,"column":18}}],"line":24}},"s":{"0":1,"1":11,"2":11,"3":1,"4":1,"5":1,"6":4,"7":1,"8":1,"9":1,"10":1,"11":1,"12":1,"13":1},"f":{"0":11,"1":1,"2":1,"3":1,"4":4},"b":{"0":[2,9],"1":[11,2]},"_coverageSchema":"43e27e138ebf9cfc5966b082cf9a028302ed4184","hash":"dcfa3128ee6876c420df2a16494fc54d46b29ea0"}
,"/Users/insided/Desktop/github/fat-chin/src/js/CoverZoom.jsx": {"path":"/Users/insided/Desktop/github/fat-chin/src/js/CoverZoom.jsx","statementMap":{"0":{"start":{"line":4,"column":18},"end":{"line":9,"column":1}},"1":{"start":{"line":5,"column":4},"end":{"line":8,"column":12}},"2":{"start":{"line":6,"column":30},"end":{"line":6,"column":59}},"3":{"start":{"line":13,"column":14},"end":{"line":17,"column":1}},"4":{"start":{"line":19,"column":14},"end":{"line":55,"column":1}},"5":{"start":{"line":57,"column":12},"end":{"line":59,"column":1}}},"fnMap":{"0":{"name":"(anonymous_0)","decl":{"start":{"line":4,"column":18},"end":{"line":4,"column":19}},"loc":{"start":{"line":5,"column":4},"end":{"line":8,"column":12}},"line":5},"1":{"name":"(anonymous_1)","decl":{"start":{"line":6,"column":24},"end":{"line":6,"column":25}},"loc":{"start":{"line":6,"column":30},"end":{"line":6,"column":59}},"line":6}},"branchMap":{},"s":{"0":1,"1":5,"2":1,"3":1,"4":1,"5":1},"f":{"0":5,"1":1},"b":{},"_coverageSchema":"43e27e138ebf9cfc5966b082cf9a028302ed4184","hash":"558800d624b0232828ff3abf2c347b18a9c0e720"}
,"/Users/insided/Desktop/github/fat-chin/src/js/Lyrics.jsx": {"path":"/Users/insided/Desktop/github/fat-chin/src/js/Lyrics.jsx","statementMap":{"0":{"start":{"line":4,"column":15},"end":{"line":9,"column":1}},"1":{"start":{"line":5,"column":4},"end":{"line":8,"column":12}},"2":{"start":{"line":6,"column":30},"end":{"line":6,"column":55}},"3":{"start":{"line":13,"column":14},"end":{"line":18,"column":1}},"4":{"start":{"line":20,"column":14},"end":{"line":58,"column":1}},"5":{"start":{"line":60,"column":13},"end":{"line":63,"column":1}},"6":{"start":{"line":65,"column":16},"end":{"line":69,"column":1}}},"fnMap":{"0":{"name":"(anonymous_0)","decl":{"start":{"line":4,"column":15},"end":{"line":4,"column":16}},"loc":{"start":{"line":5,"column":4},"end":{"line":8,"column":12}},"line":5},"1":{"name":"(anonymous_1)","decl":{"start":{"line":6,"column":24},"end":{"line":6,"column":25}},"loc":{"start":{"line":6,"column":30},"end":{"line":6,"column":55}},"line":6}},"branchMap":{"0":{"loc":{"start":{"line":7,"column":47},"end":{"line":7,"column":87}},"type":"cond-expr","locations":[{"start":{"line":7,"column":60},"end":{"line":7,"column":70}},{"start":{"line":7,"column":73},"end":{"line":7,"column":87}}],"line":7}},"s":{"0":1,"1":9,"2":1,"3":1,"4":1,"5":1,"6":1},"f":{"0":9,"1":1},"b":{"0":[1,8]},"_coverageSchema":"43e27e138ebf9cfc5966b082cf9a028302ed4184","hash":"df7207bfbcf378764b080b71d2130aa7c5493ce8"}
,"/Users/insided/Desktop/github/fat-chin/src/js/Track.jsx": {"path":"/Users/insided/Desktop/github/fat-chin/src/js/Track.jsx","statementMap":{"0":{"start":{"line":4,"column":14},"end":{"line":10,"column":1}},"1":{"start":{"line":5,"column":4},"end":{"line":9,"column":11}},"2":{"start":{"line":6,"column":31},"end":{"line":6,"column":66}},"3":{"start":{"line":14,"column":13},"end":{"line":26,"column":1}},"4":{"start":{"line":28,"column":15},"end":{"line":38,"column":1}}},"fnMap":{"0":{"name":"(anonymous_0)","decl":{"start":{"line":4,"column":14},"end":{"line":4,"column":15}},"loc":{"start":{"line":5,"column":4},"end":{"line":9,"column":11}},"line":5},"1":{"name":"(anonymous_1)","decl":{"start":{"line":6,"column":25},"end":{"line":6,"column":26}},"loc":{"start":{"line":6,"column":31},"end":{"line":6,"column":66}},"line":6}},"branchMap":{},"s":{"0":2,"1":5,"2":1,"3":2,"4":2},"f":{"0":5,"1":1},"b":{},"_coverageSchema":"43e27e138ebf9cfc5966b082cf9a028302ed4184","hash":"be9f8bc96a6f254bedce0aa7998b4027059a0995"}
}
