TN:
SF:/Users/insided/Desktop/github/fat-chin/src/js/Album.jsx
FN:5,(anonymous_0)
FN:15,(anonymous_1)
FN:17,(anonymous_2)
FN:19,(anonymous_3)
FN:24,(anonymous_4)
FNF:5
FNH:5
FNDA:11,(anonymous_0)
FNDA:1,(anonymous_1)
FNDA:1,(anonymous_2)
FNDA:1,(anonymous_3)
FNDA:4,(anonymous_4)
DA:5,1
DA:6,11
DA:8,11
DA:15,1
DA:17,1
DA:19,1
DA:25,4
DA:39,1
DA:43,1
DA:49,1
DA:62,1
DA:66,1
DA:70,1
DA:87,1
LF:14
LH:14
BRDA:14,0,0,2
BRDA:14,0,1,9
BRDA:24,1,0,11
BRDA:24,1,1,2
BRF:4
BRH:4
end_of_record
TN:
SF:/Users/insided/Desktop/github/fat-chin/src/js/CoverZoom.jsx
FN:4,(anonymous_0)
FN:6,(anonymous_1)
FNF:2
FNH:2
FNDA:5,(anonymous_0)
FNDA:1,(anonymous_1)
DA:4,1
DA:5,5
DA:6,1
DA:13,1
DA:19,1
DA:57,1
LF:6
LH:6
BRF:0
BRH:0
end_of_record
TN:
SF:/Users/insided/Desktop/github/fat-chin/src/js/Lyrics.jsx
FN:4,(anonymous_0)
FN:6,(anonymous_1)
FNF:2
FNH:2
FNDA:9,(anonymous_0)
FNDA:1,(anonymous_1)
DA:4,1
DA:5,9
DA:6,1
DA:13,1
DA:20,1
DA:60,1
DA:65,1
LF:7
LH:7
BRDA:7,0,0,1
BRDA:7,0,1,8
BRF:2
BRH:2
end_of_record
TN:
SF:/Users/insided/Desktop/github/fat-chin/src/js/Track.jsx
FN:4,(anonymous_0)
FN:6,(anonymous_1)
FNF:2
FNH:2
FNDA:5,(anonymous_0)
FNDA:1,(anonymous_1)
DA:4,2
DA:5,5
DA:6,1
DA:14,2
DA:28,2
LF:5
LH:5
BRF:0
BRH:0
end_of_record
